<?xml version="1.0" encoding="UTF-8"?>
<!-- Generated by org.testng.reporters.JUnitReportReporter -->
<testsuite hostname="ShymasLaptop" failures="0" tests="1" name="testCases.ExistingCustomerTest" time="20.910" errors="0" timestamp="2023-09-04T12:23:55 MDT" skipped="0">
  <testcase classname="testCases.ExistingCustomerTest" name="keepMeSignedIn" time="20.910"/>
</testsuite> <!-- testCases.ExistingCustomerTest -->
