<?xml version="1.0" encoding="UTF-8"?>
<!-- Generated by org.testng.reporters.JUnitReportReporter -->
<testsuite hostname="ShymasLaptop" failures="0" tests="1" name="testCases.YourAddressTest" time="18.364" errors="0" timestamp="2023-09-05T20:44:29 MDT" skipped="0">
  <testcase classname="testCases.YourAddressTest" name="invalidAddAddressPage" time="18.364"/>
</testsuite> <!-- testCases.YourAddressTest -->
