<?xml version="1.0" encoding="UTF-8"?>
<!-- Generated by org.testng.reporters.JUnitReportReporter -->
<testsuite hostname="ShymasLaptop" failures="0" tests="1" name="testCases.YourPaymentsTest" time="13.857" errors="0" timestamp="2023-09-05T22:06:09 MDT" skipped="0">
  <testcase classname="testCases.YourPaymentsTest" name="defaultPaymentMethodPage" time="13.857"/>
</testsuite> <!-- testCases.YourPaymentsTest -->
