<?xml version="1.0" encoding="UTF-8"?>
<!-- Generated by org.testng.reporters.JUnitReportReporter -->
<testsuite hostname="ShymasLaptop" failures="0" tests="1" name="testCases.YourAccountTest" time="11.323" errors="0" timestamp="2023-09-04T12:16:25 MDT" skipped="0">
  <testcase classname="testCases.YourAccountTest" name="myAccountPage" time="11.323"/>
</testsuite> <!-- testCases.YourAccountTest -->
