<?xml version="1.0" encoding="UTF-8"?>
<!-- Generated by org.testng.reporters.JUnitReportReporter -->
<testsuite hostname="ShymasLaptop" failures="0" tests="1" name="testCases.YourOrdersTest" time="14.816" errors="0" timestamp="2023-09-04T20:28:07 MDT" skipped="0">
  <testcase classname="testCases.YourOrdersTest" name="cancelledOrdersPage" time="14.816"/>
</testsuite> <!-- testCases.YourOrdersTest -->
