<?xml version="1.0" encoding="UTF-8"?>
<!-- Generated by org.testng.reporters.JUnitReportReporter -->
<testsuite hostname="ShymasLaptop" failures="0" tests="1" name="testCases.CreateAccountTest" time="6.947" errors="0" timestamp="2023-09-05T09:36:39 MDT" skipped="0">
  <testcase classname="testCases.CreateAccountTest" name="invalidYourName" time="6.947"/>
</testsuite> <!-- testCases.CreateAccountTest -->
